2015/09/21 11:02:49 [error] [exception.CException] exception 'CException' with message 'CWebApplication and its behaviors do not have a method or closure named "runEnd".' in C:\xampp\htdocs\yii\framework\base\CComponent.php:266
Stack trace:
#0 C:\xampp\htdocs\xechieuve\index.php(12): CComponent->__call('runEnd', Array)
#1 C:\xampp\htdocs\xechieuve\index.php(12): CWebApplication->runEnd('front')
#2 {main}
REQUEST_URI=/xechieuve/
---
2015/09/21 11:03:45 [error] [exception.CException] exception 'CException' with message 'CWebApplication and its behaviors do not have a method or closure named "runEnd".' in C:\xampp\htdocs\yii\framework\base\CComponent.php:266
Stack trace:
#0 C:\xampp\htdocs\xechieuve\index.php(12): CComponent->__call('runEnd', Array)
#1 C:\xampp\htdocs\xechieuve\index.php(12): CWebApplication->runEnd('front')
#2 {main}
REQUEST_URI=/xechieuve/
---
2015/09/21 19:29:39 [error] [system.db.CDbCommand] CDbCommand::fetchAll() failed: SQLSTATE[42S02]: Base table or view not found: 1146 Table 'xechieuve.tbl_migration' doesn't exist. The SQL statement executed was: SHOW FULL COLUMNS FROM `tbl_migration`.
2015/09/21 19:29:42 [error] [system.db.CDbCommand] CDbCommand::execute() failed: SQLSTATE[42000]: Syntax error or access violation: 1064 You have an error in your SQL syntax; check the manual that corresponds to your MySQL server version for the right syntax to use near 'PK,
	`ten_khach_hang` VARCHAR(80) NOT NULL,
	`ten_dang_nhap` VARCHAR(80) NOT NUL' at line 2. The SQL statement executed was: CREATE TABLE `khachhang` (
	`ma_khach_hang` PK,
	`ten_khach_hang` VARCHAR(80) NOT NULL,
	`ten_dang_nhap` VARCHAR(80) NOT NULL,
	`password` VARCHAR(40) NOT NULL,
	`email` VARCHAR(80),
	`so_dien_thoai` VARCHAR(11) NOT NULL,
	`so_du_tai_khoan` INT(12) DEFAULT 0,
	`anh_dai_dien` VARCHAR(255) NULL
).
2015/09/22 01:10:13 [error] [exception.CHttpException.404] exception 'CHttpException' with message 'Unable to resolve the request "admin/php".' in C:\xampp\htdocs\xechieuve\framework\web\CWebApplication.php:286
Stack trace:
#0 C:\xampp\htdocs\xechieuve\framework\web\CWebApplication.php(141): CWebApplication->runController('admin/php')
#1 C:\xampp\htdocs\xechieuve\framework\base\CApplication.php(184): CWebApplication->processRequest()
#2 C:\xampp\htdocs\xechieuve\protected\components\WebApplicationEndBehavior.php(24): CApplication->run()
#3 [internal function]: WebApplicationEndBehavior->runEnd('user')
#4 C:\xampp\htdocs\xechieuve\framework\base\CComponent.php(261): call_user_func_array(Array, Array)
#5 C:\xampp\htdocs\xechieuve\index.php(11): CComponent->__call('runEnd', Array)
#6 C:\xampp\htdocs\xechieuve\index.php(11): CWebApplication->runEnd('user')
#7 {main}
REQUEST_URI=/xechieuve/admin/php
---
2015/09/22 01:10:44 [error] [system.db.CDbCommand] CDbCommand::fetchColumn() failed: SQLSTATE[42S22]: Column not found: 1054 Unknown column 'ma_loai_tin' in 'where clause'. The SQL statement executed was: SELECT COUNT(*) FROM `tinghepxe` `t` WHERE  ma_loai_tin = 3.
in C:\xampp\htdocs\xechieuve\protected\models\Paginate.php (75)
in C:\xampp\htdocs\xechieuve\protected\models\Paginate.php (64)
in C:\xampp\htdocs\xechieuve\protected\models\Paginate.php (43)
2015/09/22 01:10:44 [error] [exception.CDbException] exception 'CDbException' with message 'CDbCommand failed to execute the SQL statement: SQLSTATE[42S22]: Column not found: 1054 Unknown column 'ma_loai_tin' in 'where clause'. The SQL statement executed was: SELECT COUNT(*) FROM `tinghepxe` `t` WHERE  ma_loai_tin = 3' in C:\xampp\htdocs\xechieuve\framework\db\CDbCommand.php:543
Stack trace:
#0 C:\xampp\htdocs\xechieuve\framework\db\CDbCommand.php(433): CDbCommand->queryInternal('fetchColumn', 0, Array)
#1 C:\xampp\htdocs\xechieuve\framework\db\ar\CActiveRecord.php(1606): CDbCommand->queryScalar()
#2 C:\xampp\htdocs\xechieuve\protected\models\Paginate.php(75): CActiveRecord->count(' ma_loai_tin = ...')
#3 C:\xampp\htdocs\xechieuve\protected\models\Paginate.php(64): Paginate->__getTotalPage()
#4 C:\xampp\htdocs\xechieuve\protected\models\Paginate.php(43): Paginate->__setCurrentPage(NULL)
#5 C:\xampp\htdocs\xechieuve\protected\controllers\user\SiteController.php(36): Paginate->__construct(NULL, Object(Tinghepxe), 3, ' ma_loai_tin = ...')
#6 [internal function]: SiteController->actionIndex(NULL, NULL, false)
#7 C:\xampp\htdocs\xechieuve\framework\web\actions\CAction.php(109): ReflectionMethod->invokeArgs(Object(SiteController), Array)
#8 C:\xampp\htdocs\xechieuve\framework\web\actions\CInlineAction.php(47): CAction->runWithParamsInternal(Object(SiteController), Object(ReflectionMethod), Array)
#9 C:\xampp\htdocs\xechieuve\framework\web\CController.php(308): CInlineAction->runWithParams(Array)
#10 C:\xampp\htdocs\xechieuve\framework\web\CController.php(286): CController->runAction(Object(CInlineAction))
#11 C:\xampp\htdocs\xechieuve\framework\web\CController.php(265): CController->runActionWithFilters(Object(CInlineAction), Array)
#12 C:\xampp\htdocs\xechieuve\framework\web\CWebApplication.php(282): CController->run('')
#13 C:\xampp\htdocs\xechieuve\framework\web\CWebApplication.php(141): CWebApplication->runController('')
#14 C:\xampp\htdocs\xechieuve\framework\base\CApplication.php(184): CWebApplication->processRequest()
#15 C:\xampp\htdocs\xechieuve\protected\components\WebApplicationEndBehavior.php(24): CApplication->run()
#16 [internal function]: WebApplicationEndBehavior->runEnd('user')
#17 C:\xampp\htdocs\xechieuve\framework\base\CComponent.php(261): call_user_func_array(Array, Array)
#18 C:\xampp\htdocs\xechieuve\index.php(11): CComponent->__call('runEnd', Array)
#19 C:\xampp\htdocs\xechieuve\index.php(11): CWebApplication->runEnd('user')
#20 {main}
REQUEST_URI=/xechieuve/
---
2015/09/22 01:29:34 [error] [php] Undefined variable: xetimkhach (C:\xampp\htdocs\xechieuve\protected\views\user\site\index.php:5)
Stack trace:
#0 C:\xampp\htdocs\xechieuve\framework\web\CController.php(869): SiteController->renderFile()
#1 C:\xampp\htdocs\xechieuve\framework\web\CController.php(782): SiteController->renderPartial()
#2 C:\xampp\htdocs\xechieuve\protected\controllers\user\SiteController.php(62): SiteController->render()
#3 unknown(0): SiteController->actionIndex()
#4 C:\xampp\htdocs\xechieuve\framework\web\actions\CAction.php(109): ReflectionMethod->invokeArgs()
#5 C:\xampp\htdocs\xechieuve\framework\web\actions\CInlineAction.php(47): CInlineAction->runWithParamsInternal()
#6 C:\xampp\htdocs\xechieuve\framework\web\CController.php(308): CInlineAction->runWithParams()
#7 C:\xampp\htdocs\xechieuve\framework\web\CController.php(286): SiteController->runAction()
#8 C:\xampp\htdocs\xechieuve\framework\web\CController.php(265): SiteController->runActionWithFilters()
#9 C:\xampp\htdocs\xechieuve\framework\web\CWebApplication.php(282): SiteController->run()
#10 C:\xampp\htdocs\xechieuve\framework\web\CWebApplication.php(141): CWebApplication->runController()
#11 C:\xampp\htdocs\xechieuve\framework\base\CApplication.php(184): CWebApplication->processRequest()
#12 C:\xampp\htdocs\xechieuve\protected\components\WebApplicationEndBehavior.php(24): CWebApplication->run()
#13 unknown(0): WebApplicationEndBehavior->runEnd()
#14 C:\xampp\htdocs\xechieuve\framework\base\CComponent.php(261): call_user_func_array()
#15 C:\xampp\htdocs\xechieuve\index.php(11): CWebApplication->__call()
#16 C:\xampp\htdocs\xechieuve\index.php(11): CWebApplication->runEnd()
REQUEST_URI=/xechieuve/
in C:\xampp\htdocs\xechieuve\protected\views\user\site\index.php (5)
in C:\xampp\htdocs\xechieuve\protected\controllers\user\SiteController.php (62)
in C:\xampp\htdocs\xechieuve\protected\components\WebApplicationEndBehavior.php (24)
2015/09/22 01:30:58 [error] [php] Undefined variable: xetimkhach (C:\xampp\htdocs\xechieuve\protected\views\user\site\index.php:5)
Stack trace:
#0 C:\xampp\htdocs\xechieuve\framework\web\CController.php(869): SiteController->renderFile()
#1 C:\xampp\htdocs\xechieuve\framework\web\CController.php(782): SiteController->renderPartial()
#2 C:\xampp\htdocs\xechieuve\protected\controllers\user\SiteController.php(62): SiteController->render()
#3 unknown(0): SiteController->actionIndex()
#4 C:\xampp\htdocs\xechieuve\framework\web\actions\CAction.php(109): ReflectionMethod->invokeArgs()
#5 C:\xampp\htdocs\xechieuve\framework\web\actions\CInlineAction.php(47): CInlineAction->runWithParamsInternal()
#6 C:\xampp\htdocs\xechieuve\framework\web\CController.php(308): CInlineAction->runWithParams()
#7 C:\xampp\htdocs\xechieuve\framework\web\CController.php(286): SiteController->runAction()
#8 C:\xampp\htdocs\xechieuve\framework\web\CController.php(265): SiteController->runActionWithFilters()
#9 C:\xampp\htdocs\xechieuve\framework\web\CWebApplication.php(282): SiteController->run()
#10 C:\xampp\htdocs\xechieuve\framework\web\CWebApplication.php(141): CWebApplication->runController()
#11 C:\xampp\htdocs\xechieuve\framework\base\CApplication.php(184): CWebApplication->processRequest()
#12 C:\xampp\htdocs\xechieuve\protected\components\WebApplicationEndBehavior.php(24): CWebApplication->run()
#13 unknown(0): WebApplicationEndBehavior->runEnd()
#14 C:\xampp\htdocs\xechieuve\framework\base\CComponent.php(261): call_user_func_array()
#15 C:\xampp\htdocs\xechieuve\index.php(11): CWebApplication->__call()
#16 C:\xampp\htdocs\xechieuve\index.php(11): CWebApplication->runEnd()
REQUEST_URI=/xechieuve/
in C:\xampp\htdocs\xechieuve\protected\views\user\site\index.php (5)
in C:\xampp\htdocs\xechieuve\protected\controllers\user\SiteController.php (62)
in C:\xampp\htdocs\xechieuve\protected\components\WebApplicationEndBehavior.php (24)
2015/09/22 01:31:44 [error] [php] Undefined variable: xetimkhach (C:\xampp\htdocs\xechieuve\protected\views\user\site\index.php:5)
Stack trace:
#0 C:\xampp\htdocs\xechieuve\framework\web\CController.php(869): SiteController->renderFile()
#1 C:\xampp\htdocs\xechieuve\framework\web\CController.php(782): SiteController->renderPartial()
#2 C:\xampp\htdocs\xechieuve\protected\controllers\user\SiteController.php(62): SiteController->render()
#3 unknown(0): SiteController->actionIndex()
#4 C:\xampp\htdocs\xechieuve\framework\web\actions\CAction.php(109): ReflectionMethod->invokeArgs()
#5 C:\xampp\htdocs\xechieuve\framework\web\actions\CInlineAction.php(47): CInlineAction->runWithParamsInternal()
#6 C:\xampp\htdocs\xechieuve\framework\web\CController.php(308): CInlineAction->runWithParams()
#7 C:\xampp\htdocs\xechieuve\framework\web\CController.php(286): SiteController->runAction()
#8 C:\xampp\htdocs\xechieuve\framework\web\CController.php(265): SiteController->runActionWithFilters()
#9 C:\xampp\htdocs\xechieuve\framework\web\CWebApplication.php(282): SiteController->run()
#10 C:\xampp\htdocs\xechieuve\framework\web\CWebApplication.php(141): CWebApplication->runController()
#11 C:\xampp\htdocs\xechieuve\framework\base\CApplication.php(184): CWebApplication->processRequest()
#12 C:\xampp\htdocs\xechieuve\protected\components\WebApplicationEndBehavior.php(24): CWebApplication->run()
#13 unknown(0): WebApplicationEndBehavior->runEnd()
#14 C:\xampp\htdocs\xechieuve\framework\base\CComponent.php(261): call_user_func_array()
#15 C:\xampp\htdocs\xechieuve\index.php(11): CWebApplication->__call()
#16 C:\xampp\htdocs\xechieuve\index.php(11): CWebApplication->runEnd()
REQUEST_URI=/xechieuve/
in C:\xampp\htdocs\xechieuve\protected\views\user\site\index.php (5)
in C:\xampp\htdocs\xechieuve\protected\controllers\user\SiteController.php (62)
in C:\xampp\htdocs\xechieuve\protected\components\WebApplicationEndBehavior.php (24)
2015/09/22 01:50:08 [error] [php] Undefined variable: xetimkhach (C:\xampp\htdocs\xechieuve\protected\views\user\site\index.php:5)
Stack trace:
#0 C:\xampp\htdocs\xechieuve\framework\web\CController.php(869): SiteController->renderFile()
#1 C:\xampp\htdocs\xechieuve\framework\web\CController.php(782): SiteController->renderPartial()
#2 C:\xampp\htdocs\xechieuve\protected\controllers\user\SiteController.php(62): SiteController->render()
#3 unknown(0): SiteController->actionIndex()
#4 C:\xampp\htdocs\xechieuve\framework\web\actions\CAction.php(109): ReflectionMethod->invokeArgs()
#5 C:\xampp\htdocs\xechieuve\framework\web\actions\CInlineAction.php(47): CInlineAction->runWithParamsInternal()
#6 C:\xampp\htdocs\xechieuve\framework\web\CController.php(308): CInlineAction->runWithParams()
#7 C:\xampp\htdocs\xechieuve\framework\web\CController.php(286): SiteController->runAction()
#8 C:\xampp\htdocs\xechieuve\framework\web\CController.php(265): SiteController->runActionWithFilters()
#9 C:\xampp\htdocs\xechieuve\framework\web\CWebApplication.php(282): SiteController->run()
#10 C:\xampp\htdocs\xechieuve\framework\web\CWebApplication.php(141): CWebApplication->runController()
#11 C:\xampp\htdocs\xechieuve\framework\base\CApplication.php(184): CWebApplication->processRequest()
#12 C:\xampp\htdocs\xechieuve\protected\components\WebApplicationEndBehavior.php(24): CWebApplication->run()
#13 unknown(0): WebApplicationEndBehavior->runEnd()
#14 C:\xampp\htdocs\xechieuve\framework\base\CComponent.php(261): call_user_func_array()
#15 C:\xampp\htdocs\xechieuve\index.php(11): CWebApplication->__call()
#16 C:\xampp\htdocs\xechieuve\index.php(11): CWebApplication->runEnd()
REQUEST_URI=/xechieuve/
in C:\xampp\htdocs\xechieuve\protected\views\user\site\index.php (5)
in C:\xampp\htdocs\xechieuve\protected\controllers\user\SiteController.php (62)
in C:\xampp\htdocs\xechieuve\protected\components\WebApplicationEndBehavior.php (24)
2015/09/22 01:52:56 [error] [php] Undefined variable: xetimkhach (C:\xampp\htdocs\xechieuve\protected\views\user\site\index.php:5)
Stack trace:
#0 C:\xampp\htdocs\xechieuve\framework\web\CController.php(869): SiteController->renderFile()
#1 C:\xampp\htdocs\xechieuve\framework\web\CController.php(782): SiteController->renderPartial()
#2 C:\xampp\htdocs\xechieuve\protected\controllers\user\SiteController.php(62): SiteController->render()
#3 unknown(0): SiteController->actionIndex()
#4 C:\xampp\htdocs\xechieuve\framework\web\actions\CAction.php(109): ReflectionMethod->invokeArgs()
#5 C:\xampp\htdocs\xechieuve\framework\web\actions\CInlineAction.php(47): CInlineAction->runWithParamsInternal()
#6 C:\xampp\htdocs\xechieuve\framework\web\CController.php(308): CInlineAction->runWithParams()
#7 C:\xampp\htdocs\xechieuve\framework\web\CController.php(286): SiteController->runAction()
#8 C:\xampp\htdocs\xechieuve\framework\web\CController.php(265): SiteController->runActionWithFilters()
#9 C:\xampp\htdocs\xechieuve\framework\web\CWebApplication.php(282): SiteController->run()
#10 C:\xampp\htdocs\xechieuve\framework\web\CWebApplication.php(141): CWebApplication->runController()
#11 C:\xampp\htdocs\xechieuve\framework\base\CApplication.php(184): CWebApplication->processRequest()
#12 C:\xampp\htdocs\xechieuve\protected\components\WebApplicationEndBehavior.php(24): CWebApplication->run()
#13 unknown(0): WebApplicationEndBehavior->runEnd()
#14 C:\xampp\htdocs\xechieuve\framework\base\CComponent.php(261): call_user_func_array()
#15 C:\xampp\htdocs\xechieuve\index.php(11): CWebApplication->__call()
#16 C:\xampp\htdocs\xechieuve\index.php(11): CWebApplication->runEnd()
REQUEST_URI=/xechieuve/
in C:\xampp\htdocs\xechieuve\protected\views\user\site\index.php (5)
in C:\xampp\htdocs\xechieuve\protected\controllers\user\SiteController.php (62)
in C:\xampp\htdocs\xechieuve\protected\components\WebApplicationEndBehavior.php (24)
2015/09/22 01:55:57 [error] [php] Undefined variable: xetimkhach (C:\xampp\htdocs\xechieuve\protected\views\user\site\index.php:5)
Stack trace:
#0 C:\xampp\htdocs\xechieuve\framework\web\CController.php(869): SiteController->renderFile()
#1 C:\xampp\htdocs\xechieuve\framework\web\CController.php(782): SiteController->renderPartial()
#2 C:\xampp\htdocs\xechieuve\protected\controllers\user\SiteController.php(62): SiteController->render()
#3 unknown(0): SiteController->actionIndex()
#4 C:\xampp\htdocs\xechieuve\framework\web\actions\CAction.php(109): ReflectionMethod->invokeArgs()
#5 C:\xampp\htdocs\xechieuve\framework\web\actions\CInlineAction.php(47): CInlineAction->runWithParamsInternal()
#6 C:\xampp\htdocs\xechieuve\framework\web\CController.php(308): CInlineAction->runWithParams()
#7 C:\xampp\htdocs\xechieuve\framework\web\CController.php(286): SiteController->runAction()
#8 C:\xampp\htdocs\xechieuve\framework\web\CController.php(265): SiteController->runActionWithFilters()
#9 C:\xampp\htdocs\xechieuve\framework\web\CWebApplication.php(282): SiteController->run()
#10 C:\xampp\htdocs\xechieuve\framework\web\CWebApplication.php(141): CWebApplication->runController()
#11 C:\xampp\htdocs\xechieuve\framework\base\CApplication.php(184): CWebApplication->processRequest()
#12 C:\xampp\htdocs\xechieuve\protected\components\WebApplicationEndBehavior.php(24): CWebApplication->run()
#13 unknown(0): WebApplicationEndBehavior->runEnd()
#14 C:\xampp\htdocs\xechieuve\framework\base\CComponent.php(261): call_user_func_array()
#15 C:\xampp\htdocs\xechieuve\index.php(11): CWebApplication->__call()
#16 C:\xampp\htdocs\xechieuve\index.php(11): CWebApplication->runEnd()
REQUEST_URI=/xechieuve/
in C:\xampp\htdocs\xechieuve\protected\views\user\site\index.php (5)
in C:\xampp\htdocs\xechieuve\protected\controllers\user\SiteController.php (62)
in C:\xampp\htdocs\xechieuve\protected\components\WebApplicationEndBehavior.php (24)
2015/09/22 01:56:30 [error] [php] Undefined variable: xetimkhach (C:\xampp\htdocs\xechieuve\protected\views\user\site\index.php:5)
Stack trace:
#0 C:\xampp\htdocs\xechieuve\framework\web\CController.php(869): SiteController->renderFile()
#1 C:\xampp\htdocs\xechieuve\framework\web\CController.php(782): SiteController->renderPartial()
#2 C:\xampp\htdocs\xechieuve\protected\controllers\user\SiteController.php(62): SiteController->render()
#3 unknown(0): SiteController->actionIndex()
#4 C:\xampp\htdocs\xechieuve\framework\web\actions\CAction.php(109): ReflectionMethod->invokeArgs()
#5 C:\xampp\htdocs\xechieuve\framework\web\actions\CInlineAction.php(47): CInlineAction->runWithParamsInternal()
#6 C:\xampp\htdocs\xechieuve\framework\web\CController.php(308): CInlineAction->runWithParams()
#7 C:\xampp\htdocs\xechieuve\framework\web\CController.php(286): SiteController->runAction()
#8 C:\xampp\htdocs\xechieuve\framework\web\CController.php(265): SiteController->runActionWithFilters()
#9 C:\xampp\htdocs\xechieuve\framework\web\CWebApplication.php(282): SiteController->run()
#10 C:\xampp\htdocs\xechieuve\framework\web\CWebApplication.php(141): CWebApplication->runController()
#11 C:\xampp\htdocs\xechieuve\framework\base\CApplication.php(184): CWebApplication->processRequest()
#12 C:\xampp\htdocs\xechieuve\protected\components\WebApplicationEndBehavior.php(24): CWebApplication->run()
#13 unknown(0): WebApplicationEndBehavior->runEnd()
#14 C:\xampp\htdocs\xechieuve\framework\base\CComponent.php(261): call_user_func_array()
#15 C:\xampp\htdocs\xechieuve\index.php(11): CWebApplication->__call()
#16 C:\xampp\htdocs\xechieuve\index.php(11): CWebApplication->runEnd()
REQUEST_URI=/xechieuve/
in C:\xampp\htdocs\xechieuve\protected\views\user\site\index.php (5)
in C:\xampp\htdocs\xechieuve\protected\controllers\user\SiteController.php (62)
in C:\xampp\htdocs\xechieuve\protected\components\WebApplicationEndBehavior.php (24)
2015/09/22 01:56:43 [error] [php] Undefined variable: xetimkhach (C:\xampp\htdocs\xechieuve\protected\views\user\site\index.php:5)
Stack trace:
#0 C:\xampp\htdocs\xechieuve\framework\web\CController.php(869): SiteController->renderFile()
#1 C:\xampp\htdocs\xechieuve\framework\web\CController.php(782): SiteController->renderPartial()
#2 C:\xampp\htdocs\xechieuve\protected\controllers\user\SiteController.php(62): SiteController->render()
#3 unknown(0): SiteController->actionIndex()
#4 C:\xampp\htdocs\xechieuve\framework\web\actions\CAction.php(109): ReflectionMethod->invokeArgs()
#5 C:\xampp\htdocs\xechieuve\framework\web\actions\CInlineAction.php(47): CInlineAction->runWithParamsInternal()
#6 C:\xampp\htdocs\xechieuve\framework\web\CController.php(308): CInlineAction->runWithParams()
#7 C:\xampp\htdocs\xechieuve\framework\web\CController.php(286): SiteController->runAction()
#8 C:\xampp\htdocs\xechieuve\framework\web\CController.php(265): SiteController->runActionWithFilters()
#9 C:\xampp\htdocs\xechieuve\framework\web\CWebApplication.php(282): SiteController->run()
#10 C:\xampp\htdocs\xechieuve\framework\web\CWebApplication.php(141): CWebApplication->runController()
#11 C:\xampp\htdocs\xechieuve\framework\base\CApplication.php(184): CWebApplication->processRequest()
#12 C:\xampp\htdocs\xechieuve\protected\components\WebApplicationEndBehavior.php(24): CWebApplication->run()
#13 unknown(0): WebApplicationEndBehavior->runEnd()
#14 C:\xampp\htdocs\xechieuve\framework\base\CComponent.php(261): call_user_func_array()
#15 C:\xampp\htdocs\xechieuve\index.php(11): CWebApplication->__call()
#16 C:\xampp\htdocs\xechieuve\index.php(11): CWebApplication->runEnd()
REQUEST_URI=/xechieuve/
in C:\xampp\htdocs\xechieuve\protected\views\user\site\index.php (5)
in C:\xampp\htdocs\xechieuve\protected\controllers\user\SiteController.php (62)
in C:\xampp\htdocs\xechieuve\protected\components\WebApplicationEndBehavior.php (24)
2015/09/22 02:59:16 [error] [php] Undefined variable: xetimkhach (C:\xampp\htdocs\xechieuve\protected\views\user\site\index.php:5)
Stack trace:
#0 C:\xampp\htdocs\xechieuve\framework\web\CController.php(869): SiteController->renderFile()
#1 C:\xampp\htdocs\xechieuve\framework\web\CController.php(782): SiteController->renderPartial()
#2 C:\xampp\htdocs\xechieuve\protected\controllers\user\SiteController.php(62): SiteController->render()
#3 unknown(0): SiteController->actionIndex()
#4 C:\xampp\htdocs\xechieuve\framework\web\actions\CAction.php(109): ReflectionMethod->invokeArgs()
#5 C:\xampp\htdocs\xechieuve\framework\web\actions\CInlineAction.php(47): CInlineAction->runWithParamsInternal()
#6 C:\xampp\htdocs\xechieuve\framework\web\CController.php(308): CInlineAction->runWithParams()
#7 C:\xampp\htdocs\xechieuve\framework\web\CController.php(286): SiteController->runAction()
#8 C:\xampp\htdocs\xechieuve\framework\web\CController.php(265): SiteController->runActionWithFilters()
#9 C:\xampp\htdocs\xechieuve\framework\web\CWebApplication.php(282): SiteController->run()
#10 C:\xampp\htdocs\xechieuve\framework\web\CWebApplication.php(141): CWebApplication->runController()
#11 C:\xampp\htdocs\xechieuve\framework\base\CApplication.php(184): CWebApplication->processRequest()
#12 C:\xampp\htdocs\xechieuve\protected\components\WebApplicationEndBehavior.php(24): CWebApplication->run()
#13 unknown(0): WebApplicationEndBehavior->runEnd()
#14 C:\xampp\htdocs\xechieuve\framework\base\CComponent.php(261): call_user_func_array()
#15 C:\xampp\htdocs\xechieuve\index.php(11): CWebApplication->__call()
#16 C:\xampp\htdocs\xechieuve\index.php(11): CWebApplication->runEnd()
REQUEST_URI=/xechieuve/
in C:\xampp\htdocs\xechieuve\protected\views\user\site\index.php (5)
in C:\xampp\htdocs\xechieuve\protected\controllers\user\SiteController.php (62)
in C:\xampp\htdocs\xechieuve\protected\components\WebApplicationEndBehavior.php (24)
